<?xml version="1.0" encoding="UTF-8"?>
<coverage generated="1657826128648" clover="3.2.0">
  <project timestamp="1657826128648" name="All files">
    <metrics statements="49" coveredstatements="39" conditionals="0" coveredconditionals="0" methods="18" coveredmethods="12" elements="67" coveredelements="51" complexity="0" loc="49" ncloc="49" packages="1" files="6" classes="6"/>
    <file name="checkModelFile.js" path="/Users/paularibeiro/Documents/Paula/trybe/projetos/sd-019-c-project-blogs-api/tests/assets/helper/checkModelFile.js">
      <metrics statements="7" coveredstatements="7" conditionals="0" coveredconditionals="0" methods="2" coveredmethods="2"/>
      <line num="1" count="1" type="stmt"/>
      <line num="2" count="1" type="stmt"/>
      <line num="4" count="1" type="stmt"/>
      <line num="5" count="1" type="stmt"/>
      <line num="6" count="1" type="stmt"/>
      <line num="8" count="1" type="stmt"/>
      <line num="12" count="1" type="stmt"/>
    </file>
    <file name="checkModelName.js" path="/Users/paularibeiro/Documents/Paula/trybe/projetos/sd-019-c-project-blogs-api/tests/assets/helper/checkModelName.js">
      <metrics statements="7" coveredstatements="7" conditionals="0" coveredconditionals="0" methods="3" coveredmethods="3"/>
      <line num="3" count="1" type="stmt"/>
      <line num="5" count="1" type="stmt"/>
      <line num="6" count="1" type="stmt"/>
      <line num="7" count="1" type="stmt"/>
      <line num="8" count="1" type="stmt"/>
      <line num="10" count="1" type="stmt"/>
      <line num="14" count="1" type="stmt"/>
    </file>
    <file name="checkPropertyExists.js" path="/Users/paularibeiro/Documents/Paula/trybe/projetos/sd-019-c-project-blogs-api/tests/assets/helper/checkPropertyExists.js">
      <metrics statements="9" coveredstatements="9" conditionals="0" coveredconditionals="0" methods="3" coveredmethods="3"/>
      <line num="3" count="1" type="stmt"/>
      <line num="4" count="1" type="stmt"/>
      <line num="6" count="1" type="stmt"/>
      <line num="7" count="1" type="stmt"/>
      <line num="9" count="6" type="stmt"/>
      <line num="10" count="6" type="stmt"/>
      <line num="12" count="6" type="stmt"/>
      <line num="14" count="6" type="stmt"/>
      <line num="18" count="1" type="stmt"/>
    </file>
    <file name="checkSimpleAssociation.js" path="/Users/paularibeiro/Documents/Paula/trybe/projetos/sd-019-c-project-blogs-api/tests/assets/helper/checkSimpleAssociation.js">
      <metrics statements="11" coveredstatements="11" conditionals="0" coveredconditionals="0" methods="4" coveredmethods="4"/>
      <line num="1" count="1" type="stmt"/>
      <line num="2" count="1" type="stmt"/>
      <line num="4" count="2" type="stmt"/>
      <line num="5" count="2" type="stmt"/>
      <line num="7" count="2" type="stmt"/>
      <line num="8" count="2" type="stmt"/>
      <line num="9" count="2" type="stmt"/>
      <line num="11" count="2" type="stmt"/>
      <line num="17" count="2" type="stmt"/>
      <line num="19" count="2" type="stmt"/>
      <line num="26" count="1" type="stmt"/>
    </file>
    <file name="checkThroughAssociation.js" path="/Users/paularibeiro/Documents/Paula/trybe/projetos/sd-019-c-project-blogs-api/tests/assets/helper/checkThroughAssociation.js">
      <metrics statements="14" coveredstatements="4" conditionals="0" coveredconditionals="0" methods="6" coveredmethods="0"/>
      <line num="1" count="1" type="stmt"/>
      <line num="2" count="1" type="stmt"/>
      <line num="4" count="1" type="stmt"/>
      <line num="5" count="0" type="stmt"/>
      <line num="7" count="0" type="stmt"/>
      <line num="8" count="0" type="stmt"/>
      <line num="9" count="0" type="stmt"/>
      <line num="11" count="0" type="stmt"/>
      <line num="13" count="0" type="stmt"/>
      <line num="14" count="0" type="stmt"/>
      <line num="22" count="0" type="stmt"/>
      <line num="24" count="0" type="stmt"/>
      <line num="25" count="0" type="stmt"/>
      <line num="34" count="1" type="stmt"/>
    </file>
    <file name="index.js" path="/Users/paularibeiro/Documents/Paula/trybe/projetos/sd-019-c-project-blogs-api/tests/assets/helper/index.js">
      <metrics statements="1" coveredstatements="1" conditionals="0" coveredconditionals="0" methods="0" coveredmethods="0"/>
      <line num="1" count="1" type="stmt"/>
    </file>
  </project>
</coverage>
