{"/Users/paularibeiro/Documents/Paula/trybe/projetos/sd-019-c-project-blogs-api/tests/assets/helper/checkModelFile.js": {"path":"/Users/paularibeiro/Documents/Paula/trybe/projetos/sd-019-c-project-blogs-api/tests/assets/helper/checkModelFile.js","statementMap":{"0":{"start":{"line":1,"column":11},"end":{"line":1,"column":24}},"1":{"start":{"line":2,"column":21},"end":{"line":2,"column":36}},"2":{"start":{"line":4,"column":23},"end":{"line":10,"column":1}},"3":{"start":{"line":5,"column":2},"end":{"line":9,"column":4}},"4":{"start":{"line":6,"column":23},"end":{"line":6,"column":47}},"5":{"start":{"line":8,"column":4},"end":{"line":8,"column":37}},"6":{"start":{"line":12,"column":0},"end":{"line":12,"column":31}}},"fnMap":{"0":{"name":"(anonymous_0)","decl":{"start":{"line":4,"column":23},"end":{"line":4,"column":24}},"loc":{"start":{"line":4,"column":36},"end":{"line":10,"column":1}},"line":4},"1":{"name":"(anonymous_1)","decl":{"start":{"line":5,"column":68},"end":{"line":5,"column":69}},"loc":{"start":{"line":5,"column":74},"end":{"line":9,"column":3}},"line":5}},"branchMap":{},"s":{"0":1,"1":1,"2":1,"3":1,"4":1,"5":1,"6":1},"f":{"0":1,"1":1},"b":{},"_coverageSchema":"1a1c01bbd47fc00a2c39e90264f33305004495a9","hash":"5745bb7aefd5a4fbe0a264d5ec0e6738e925ba23"}
,"/Users/paularibeiro/Documents/Paula/trybe/projetos/sd-019-c-project-blogs-api/tests/assets/helper/checkModelName.js": {"path":"/Users/paularibeiro/Documents/Paula/trybe/projetos/sd-019-c-project-blogs-api/tests/assets/helper/checkModelName.js","statementMap":{"0":{"start":{"line":3,"column":33},"end":{"line":3,"column":66}},"1":{"start":{"line":5,"column":23},"end":{"line":12,"column":1}},"2":{"start":{"line":5,"column":36},"end":{"line":12,"column":1}},"3":{"start":{"line":6,"column":2},"end":{"line":11,"column":4}},"4":{"start":{"line":7,"column":24},"end":{"line":7,"column":42}},"5":{"start":{"line":8,"column":19},"end":{"line":8,"column":52}},"6":{"start":{"line":10,"column":4},"end":{"line":10,"column":45}},"7":{"start":{"line":14,"column":0},"end":{"line":14,"column":31}}},"fnMap":{"0":{"name":"(anonymous_0)","decl":{"start":{"line":5,"column":23},"end":{"line":5,"column":24}},"loc":{"start":{"line":5,"column":36},"end":{"line":12,"column":1}},"line":5},"1":{"name":"(anonymous_1)","decl":{"start":{"line":5,"column":36},"end":{"line":5,"column":37}},"loc":{"start":{"line":5,"column":49},"end":{"line":12,"column":1}},"line":5},"2":{"name":"(anonymous_2)","decl":{"start":{"line":6,"column":64},"end":{"line":6,"column":65}},"loc":{"start":{"line":6,"column":70},"end":{"line":11,"column":3}},"line":6}},"branchMap":{},"s":{"0":1,"1":1,"2":1,"3":1,"4":1,"5":1,"6":1,"7":1},"f":{"0":1,"1":1,"2":1},"b":{},"_coverageSchema":"1a1c01bbd47fc00a2c39e90264f33305004495a9","hash":"eed81282dc8535f4efe03220821ce74bff60aaf2"}
,"/Users/paularibeiro/Documents/Paula/trybe/projetos/sd-019-c-project-blogs-api/tests/assets/helper/checkPropertyExists.js": {"path":"/Users/paularibeiro/Documents/Paula/trybe/projetos/sd-019-c-project-blogs-api/tests/assets/helper/checkPropertyExists.js","statementMap":{"0":{"start":{"line":3,"column":33},"end":{"line":3,"column":66}},"1":{"start":{"line":4,"column":13},"end":{"line":4,"column":41}},"2":{"start":{"line":6,"column":28},"end":{"line":16,"column":1}},"3":{"start":{"line":6,"column":41},"end":{"line":16,"column":1}},"4":{"start":{"line":7,"column":2},"end":{"line":15,"column":6}},"5":{"start":{"line":9,"column":26},"end":{"line":9,"column":44}},"6":{"start":{"line":10,"column":21},"end":{"line":10,"column":54}},"7":{"start":{"line":12,"column":21},"end":{"line":12,"column":33}},"8":{"start":{"line":14,"column":6},"end":{"line":14,"column":45}},"9":{"start":{"line":18,"column":0},"end":{"line":18,"column":36}}},"fnMap":{"0":{"name":"(anonymous_0)","decl":{"start":{"line":6,"column":28},"end":{"line":6,"column":29}},"loc":{"start":{"line":6,"column":41},"end":{"line":16,"column":1}},"line":6},"1":{"name":"(anonymous_1)","decl":{"start":{"line":6,"column":41},"end":{"line":6,"column":42}},"loc":{"start":{"line":6,"column":55},"end":{"line":16,"column":1}},"line":6},"2":{"name":"(anonymous_2)","decl":{"start":{"line":8,"column":64},"end":{"line":8,"column":65}},"loc":{"start":{"line":8,"column":78},"end":{"line":15,"column":5}},"line":8}},"branchMap":{},"s":{"0":1,"1":1,"2":1,"3":1,"4":1,"5":2,"6":2,"7":2,"8":2,"9":1},"f":{"0":1,"1":1,"2":2},"b":{},"_coverageSchema":"1a1c01bbd47fc00a2c39e90264f33305004495a9","hash":"502510ea99db92c52cd233287fb3c3b68e23e328"}
,"/Users/paularibeiro/Documents/Paula/trybe/projetos/sd-019-c-project-blogs-api/tests/assets/helper/checkSimpleAssociation.js": {"path":"/Users/paularibeiro/Documents/Paula/trybe/projetos/sd-019-c-project-blogs-api/tests/assets/helper/checkSimpleAssociation.js","statementMap":{"0":{"start":{"line":1,"column":33},"end":{"line":1,"column":66}},"1":{"start":{"line":2,"column":21},"end":{"line":2,"column":36}},"2":{"start":{"line":4,"column":32},"end":{"line":24,"column":1}},"3":{"start":{"line":4,"column":45},"end":{"line":24,"column":1}},"4":{"start":{"line":4,"column":57},"end":{"line":24,"column":1}},"5":{"start":{"line":5,"column":20},"end":{"line":5,"column":155}},"6":{"start":{"line":7,"column":2},"end":{"line":23,"column":4}},"7":{"start":{"line":8,"column":24},"end":{"line":8,"column":42}},"8":{"start":{"line":9,"column":19},"end":{"line":9,"column":52}},"9":{"start":{"line":11,"column":18},"end":{"line":15,"column":5}},"10":{"start":{"line":17,"column":4},"end":{"line":17,"column":28}},"11":{"start":{"line":19,"column":4},"end":{"line":22,"column":6}},"12":{"start":{"line":26,"column":0},"end":{"line":26,"column":40}}},"fnMap":{"0":{"name":"(anonymous_0)","decl":{"start":{"line":4,"column":32},"end":{"line":4,"column":33}},"loc":{"start":{"line":4,"column":45},"end":{"line":24,"column":1}},"line":4},"1":{"name":"(anonymous_1)","decl":{"start":{"line":4,"column":45},"end":{"line":4,"column":46}},"loc":{"start":{"line":4,"column":57},"end":{"line":24,"column":1}},"line":4},"2":{"name":"(anonymous_2)","decl":{"start":{"line":4,"column":57},"end":{"line":4,"column":58}},"loc":{"start":{"line":4,"column":79},"end":{"line":24,"column":1}},"line":4},"3":{"name":"(anonymous_3)","decl":{"start":{"line":7,"column":16},"end":{"line":7,"column":17}},"loc":{"start":{"line":7,"column":22},"end":{"line":23,"column":3}},"line":7}},"branchMap":{},"s":{"0":1,"1":1,"2":1,"3":0,"4":0,"5":0,"6":0,"7":0,"8":0,"9":0,"10":0,"11":0,"12":1},"f":{"0":0,"1":0,"2":0,"3":0},"b":{},"_coverageSchema":"1a1c01bbd47fc00a2c39e90264f33305004495a9","hash":"5dcc705af8a9e7d38096dc6f4df86852e623ffd2"}
,"/Users/paularibeiro/Documents/Paula/trybe/projetos/sd-019-c-project-blogs-api/tests/assets/helper/checkThroughAssociation.js": {"path":"/Users/paularibeiro/Documents/Paula/trybe/projetos/sd-019-c-project-blogs-api/tests/assets/helper/checkThroughAssociation.js","statementMap":{"0":{"start":{"line":1,"column":33},"end":{"line":1,"column":66}},"1":{"start":{"line":2,"column":21},"end":{"line":2,"column":36}},"2":{"start":{"line":4,"column":32},"end":{"line":32,"column":1}},"3":{"start":{"line":4,"column":45},"end":{"line":32,"column":1}},"4":{"start":{"line":4,"column":68},"end":{"line":32,"column":1}},"5":{"start":{"line":4,"column":78},"end":{"line":32,"column":1}},"6":{"start":{"line":5,"column":20},"end":{"line":5,"column":265}},"7":{"start":{"line":7,"column":2},"end":{"line":31,"column":4}},"8":{"start":{"line":8,"column":24},"end":{"line":8,"column":42}},"9":{"start":{"line":9,"column":19},"end":{"line":9,"column":52}},"10":{"start":{"line":11,"column":17},"end":{"line":11,"column":19}},"11":{"start":{"line":13,"column":4},"end":{"line":20,"column":7}},"12":{"start":{"line":14,"column":6},"end":{"line":19,"column":8}},"13":{"start":{"line":22,"column":4},"end":{"line":22,"column":29}},"14":{"start":{"line":24,"column":4},"end":{"line":30,"column":5}},"15":{"start":{"line":24,"column":16},"end":{"line":24,"column":17}},"16":{"start":{"line":25,"column":6},"end":{"line":29,"column":10}},"17":{"start":{"line":34,"column":0},"end":{"line":34,"column":40}}},"fnMap":{"0":{"name":"(anonymous_0)","decl":{"start":{"line":4,"column":32},"end":{"line":4,"column":33}},"loc":{"start":{"line":4,"column":45},"end":{"line":32,"column":1}},"line":4},"1":{"name":"(anonymous_1)","decl":{"start":{"line":4,"column":45},"end":{"line":4,"column":46}},"loc":{"start":{"line":4,"column":68},"end":{"line":32,"column":1}},"line":4},"2":{"name":"(anonymous_2)","decl":{"start":{"line":4,"column":68},"end":{"line":4,"column":69}},"loc":{"start":{"line":4,"column":78},"end":{"line":32,"column":1}},"line":4},"3":{"name":"(anonymous_3)","decl":{"start":{"line":4,"column":78},"end":{"line":4,"column":79}},"loc":{"start":{"line":4,"column":101},"end":{"line":32,"column":1}},"line":4},"4":{"name":"(anonymous_4)","decl":{"start":{"line":7,"column":16},"end":{"line":7,"column":17}},"loc":{"start":{"line":7,"column":22},"end":{"line":31,"column":3}},"line":7},"5":{"name":"(anonymous_5)","decl":{"start":{"line":13,"column":32},"end":{"line":13,"column":33}},"loc":{"start":{"line":13,"column":45},"end":{"line":20,"column":5}},"line":13}},"branchMap":{},"s":{"0":1,"1":1,"2":1,"3":0,"4":0,"5":0,"6":0,"7":0,"8":0,"9":0,"10":0,"11":0,"12":0,"13":0,"14":0,"15":0,"16":0,"17":1},"f":{"0":0,"1":0,"2":0,"3":0,"4":0,"5":0},"b":{},"_coverageSchema":"1a1c01bbd47fc00a2c39e90264f33305004495a9","hash":"9653614a69d8ca278bde364724139e1df73e9c56"}
,"/Users/paularibeiro/Documents/Paula/trybe/projetos/sd-019-c-project-blogs-api/tests/assets/helper/index.js": {"path":"/Users/paularibeiro/Documents/Paula/trybe/projetos/sd-019-c-project-blogs-api/tests/assets/helper/index.js","statementMap":{"0":{"start":{"line":1,"column":0},"end":{"line":7,"column":1}}},"fnMap":{},"branchMap":{},"s":{"0":1},"f":{},"b":{},"_coverageSchema":"1a1c01bbd47fc00a2c39e90264f33305004495a9","hash":"94c40194ca72898aee6869fd477e50a97042f872"}
}
