TN:
SF:tests/assets/constants.js
FNF:0
FNH:0
DA:1,14
LF:1
LH:1
BRF:0
BRH:0
end_of_record
TN:
SF:tests/assets/queries.js
FNF:0
FNH:0
DA:1,1
LF:1
LH:1
BRF:0
BRH:0
end_of_record
TN:
SF:tests/assets/helper/checkModelFile.js
FN:4,(anonymous_0)
FN:5,(anonymous_1)
FNF:2
FNH:2
FNDA:4,(anonymous_0)
FNDA:4,(anonymous_1)
DA:1,4
DA:2,4
DA:4,4
DA:5,4
DA:6,4
DA:8,4
DA:12,4
LF:7
LH:7
BRF:0
BRH:0
end_of_record
TN:
SF:tests/assets/helper/checkModelName.js
FN:5,(anonymous_0)
FN:5,(anonymous_1)
FN:6,(anonymous_2)
FNF:3
FNH:3
FNDA:4,(anonymous_0)
FNDA:4,(anonymous_1)
FNDA:4,(anonymous_2)
DA:3,4
DA:5,4
DA:6,4
DA:7,4
DA:8,0
DA:10,0
DA:14,4
LF:7
LH:5
BRF:0
BRH:0
end_of_record
TN:
SF:tests/assets/helper/checkPropertyExists.js
FN:6,(anonymous_0)
FN:6,(anonymous_1)
FN:8,(anonymous_2)
FNF:3
FNH:3
FNDA:4,(anonymous_0)
FNDA:4,(anonymous_1)
FNDA:15,(anonymous_2)
DA:3,4
DA:4,4
DA:6,4
DA:7,4
DA:9,15
DA:10,0
DA:12,0
DA:14,0
DA:18,4
LF:9
LH:6
BRF:0
BRH:0
end_of_record
TN:
SF:tests/assets/helper/checkSimpleAssociation.js
FN:4,(anonymous_0)
FN:4,(anonymous_1)
FN:4,(anonymous_2)
FN:7,(anonymous_3)
FNF:4
FNH:4
FNDA:2,(anonymous_0)
FNDA:2,(anonymous_1)
FNDA:2,(anonymous_2)
FNDA:2,(anonymous_3)
DA:1,4
DA:2,4
DA:4,4
DA:5,2
DA:7,2
DA:8,2
DA:9,0
DA:11,0
DA:17,0
DA:19,0
DA:26,4
LF:11
LH:7
BRF:0
BRH:0
end_of_record
TN:
SF:tests/assets/helper/checkThroughAssociation.js
FN:4,(anonymous_0)
FN:4,(anonymous_1)
FN:4,(anonymous_2)
FN:4,(anonymous_3)
FN:7,(anonymous_4)
FN:13,(anonymous_5)
FNF:6
FNH:5
FNDA:1,(anonymous_0)
FNDA:1,(anonymous_1)
FNDA:1,(anonymous_2)
FNDA:1,(anonymous_3)
FNDA:1,(anonymous_4)
FNDA:0,(anonymous_5)
DA:1,4
DA:2,4
DA:4,4
DA:5,1
DA:7,1
DA:8,1
DA:9,0
DA:11,0
DA:13,0
DA:14,0
DA:22,0
DA:24,0
DA:25,0
DA:34,4
LF:14
LH:7
BRF:0
BRH:0
end_of_record
TN:
SF:tests/assets/helper/index.js
FNF:0
FNH:0
DA:1,4
LF:1
LH:1
BRF:0
BRH:0
end_of_record
